[Message:   BepInEx] BepInEx 5.4.22.0 - Lethal Company (11/18/2023 2:06:22 PM)
[Info   :   BepInEx] Running under Unity v2022.3.9.15351836
[Info   :   BepInEx] CLR runtime version: 4.0.30319.42000
[Info   :   BepInEx] Supports SRE: True
[Info   :   BepInEx] System platform: Bits64, Windows
[Message:   BepInEx] Preloader started
[Info   :   BepInEx] Loaded 1 patcher method from [BepInEx.Preloader 5.4.22.0]
[Info   :   BepInEx] Loaded 1 patcher method from [BepInEx.MonoMod.HookGenPatcher 1.2.1.0]
[Info   :   BepInEx] 2 patcher plugins loaded
[Info   :HookGenPatcher] Previous MMHOOK location found. Using that location to save instead.
[Info   :HookGenPatcher] Already ran for this version, reusing that file.
[Info   :HookGenPatcher] Previous MMHOOK location found. Using that location to save instead.
[Info   :HookGenPatcher] Already ran for this version, reusing that file.
[Info   :HookGenPatcher] Previous MMHOOK location found. Using that location to save instead.
[Info   :HookGenPatcher] Already ran for this version, reusing that file.
[Info   :HookGenPatcher] Previous MMHOOK location found. Using that location to save instead.
[Info   :HookGenPatcher] Already ran for this version, reusing that file.
[Info   :HookGenPatcher] Previous MMHOOK location found. Using that location to save instead.
[Info   :HookGenPatcher] Already ran for this version, reusing that file.
[Info   :HookGenPatcher] Previous MMHOOK location found. Using that location to save instead.
[Info   :HookGenPatcher] Already ran for this version, reusing that file.
[Info   :   BepInEx] Patching [UnityEngine.CoreModule] with [BepInEx.Chainloader]
[Message:   BepInEx] Preloader finished
[Message:   BepInEx] Chainloader ready
[Message:   BepInEx] Chainloader started
[Info   :   BepInEx] 12 plugins to load
[Warning:   BepInEx] Skipping [MoreEmotes-Sligili 1.1.2] because a newer version exists (MoreEmotes-Sligili 1.2.2)
[Info   :   BepInEx] Loading [LethalLib 0.13.2]
[Info   : LethalLib] LethalLib loaded!!
[Info   : LethalLib] Utilities.Init()
[Info   :   BepInEx] Loading [Cirno Fumo Scrap 2.0.1]
[Info   :badham.lc.cirnoscrap] Cirno has infiltrated your facilities [Version 2.0.1]...
[Info   :   BepInEx] Loading [FreddyBracken 1.0.2]
[Info   :FreddyBracken] Plugin FreddyBracken is loaded!
[Info   :   BepInEx] Loading [Maxwell Scrap 1.0.1]
[Info   :   BepInEx] Loading [LethalClunk 1.1.1]
[Info   :LethalClunk] Plugin LethalClunk is loaded!
[Info   :   BepInEx] Loading [MoreCompany 1.8.1]
[Info   :MoreCompany] Loading MoreCompany...
[Info   :MoreCompany] Checking: D:\SteamLibrary\steamapps\common\Lethal Company\BepInEx\plugins/MoreCompanyCosmetics
[Info   :MoreCompany] Read settings and cosmetics
[Info   :MoreCompany] Loaded cosmetic: builtin.3dglasses from bundle
[Info   :MoreCompany] Loaded cosmetic: builtin.bunnyears from bundle
[Info   :MoreCompany] Loaded cosmetic: builtin.denimhat from bundle
[Info   :MoreCompany] Loaded cosmetic: builtin.fancyglasses from bundle
[Info   :MoreCompany] Loaded cosmetic: builtin.partyglasses from bundle
[Info   :MoreCompany] Loaded cosmetic: builtin.gunholster from bundle
[Info   :MoreCompany] Loaded cosmetic: builtin.hardhat from bundle
[Info   :MoreCompany] Loaded cosmetic: builtin.jesterhat from bundle
[Info   :MoreCompany] Loaded cosmetic: builtin.kittyears from bundle
[Info   :MoreCompany] Loaded cosmetic: builtin.mimemask from bundle
[Info   :MoreCompany] Loaded cosmetic: builtin.fancypants from bundle
[Info   :MoreCompany] Loaded cosmetic: builtin.outoforder from bundle
[Info   :MoreCompany] Loaded cosmetic: builtin.partyhat from bundle
[Info   :MoreCompany] Loaded cosmetic: builtin.plaguemask from bundle
[Info   :MoreCompany] Loaded cosmetic: builtin.propellerhat from bundle
[Info   :MoreCompany] Loaded cosmetic: builtin.eyeballs from bundle
[Info   :MoreCompany] Loaded cosmetic: builtin.rudolph from bundle
[Info   :MoreCompany] Loaded cosmetic: builtin.santahat from bundle
[Info   :MoreCompany] Loaded cosmetic: builtin.slimething from bundle
[Info   :MoreCompany] Loaded cosmetic: builtin.tophat from bundle
[Info   :MoreCompany] Loaded cosmetic: builtin.watch from bundle
[Info   :MoreCompany] Loading USER COSMETICS...
[Info   :MoreCompany] Loaded MoreCompany FULLY
[Info   :   BepInEx] Loading [Buyable Shotgun Shells 1.0.5]
[Info   :Buyable Shotgun Shells] Shotgun Shell added to Shop for 20 credits
[Info   :Buyable Shotgun Shells] Plugin Buyable Shotgun Shells is loaded with version 1.0.5!
[Info   :   BepInEx] Loading [MoreEmotes-Sligili 1.2.2]
[Info   :MoreEmotes-Sligili] MoreEmotes loaded
[Info   :   BepInEx] Loading [Yippee tbh mod 1.2.2]
[Info   :sunnobunno.YippeeMod] sunnobunno.YippeeMod is loading.
[Info   :sunnobunno.YippeeMod] sunnobunno.YippeeMod is loaded. Yippee!!!
[Info   :   BepInEx] Loading [Late Company 1.0.10]
[Info   :Late Company] Late Company loaded!
[Info   :   BepInEx] Loading [More Suits 1.3.2]
[Info   :More Suits] Plugin More Suits is loaded!
[Message:   BepInEx] Chainloader startup complete
[Info   :MoreCompany] LANMenu startLAN Patched
[Info   : LethalLib] Adding 0 unlockables to unlockables list
[Info   : LethalLib] Adding 0 items to terminal
[Info   : LethalLib] Added FumoCirno to ExperimentationLevel
[Info   : LethalLib] Added FumoCirno to AssuranceLevel
[Info   : LethalLib] Added FumoCirno to VowLevel
[Info   : LethalLib] Added FumoCirno to CompanyBuildingLevel
[Info   : LethalLib] Added FumoCirno to MarchLevel
[Info   : LethalLib] Added FumoCirno to RendLevel
[Info   : LethalLib] Added FumoCirno to DineLevel
[Info   : LethalLib] Added FumoCirno to OffenseLevel
[Info   : LethalLib] Added FumoCirno to TitanLevel
[Info   : LethalLib] CirnoFumoScrap registered scrap item: Cirno Fumo
[Info   : LethalLib] BuyableShotgunShells registered shop item: Shells
[Info   : LethalLib] Adding 1 items to terminal
[Info   : LethalLib] Adding Shells to terminal
[Info   : LethalLib] Generating buynode2
[Info   : LethalLib] Item price: 20, Item index: 13
[Info   : LethalLib] Generating buynode1
[Info   : LethalLib] Item price: 20, Item index: 13
[Info   : LethalLib] Generated keyword: shells
[Info   :MoreCompany] ResizePlayerCache: 50
[Info   :MoreCompany] Resizing player cache from 4 to 50 with difference of 46
[Info   : LethalLib] Diagetic mixer is Diagetic
[Info   : LethalLib] Found 0 prefabs to fix
[Info   :LethalClunk] Large Axle Spawned
[Info   :LethalClunk] Large Axle Spawned
[Info   :LethalClunk] Large Axle Spawned
[Info   :LethalClunk] Large Axle Spawned
[Info   :LethalClunk] Large Axle Spawned
[Info   :LethalClunk] Large Axle Spawned
[Info   :LethalClunk] Large Axle Spawned
[Info   :LethalClunk] Large Axle Spawned
[Info   :MoreCompany] LANMenu startLAN Patched
